Using pre-set license
Built from '2021.3/staging' branch; Version is '2021.3.24f1 (cf10dcf7010d) revision 13570268'; Using compiler version '192829333'; Build Type 'Release'
OS: 'Windows 10  (10.0.19045) 64bit Core' Language: 'en' Physical Memory: 32711 MB
BatchMode: 1, IsHumanControllingUs: 0, StartBugReporterOnCrash: 0, Is64bit: 1, IsPro: 1

COMMAND LINE ARGUMENTS:
C:\Program Files\Unity\Hub\Editor\2021.3.24f1\Editor\Unity.exe
-adb2
-batchMode
-noUpm
-name
AssetImportWorker1
-projectPath
E:/GitHub/Conquest-Of-The-West/Conquest of the west
-logFile
Logs/AssetImportWorker1.log
-srvPort
54887
Successfully changed project path to: E:/GitHub/Conquest-Of-The-West/Conquest of the west
E:/GitHub/Conquest-Of-The-West/Conquest of the west
[UnityMemory] Configuration Parameters - Can be set up in boot.config
    "memorysetup-bucket-allocator-granularity=16"
    "memorysetup-bucket-allocator-bucket-count=8"
    "memorysetup-bucket-allocator-block-size=33554432"
    "memorysetup-bucket-allocator-block-count=8"
    "memorysetup-main-allocator-block-size=16777216"
    "memorysetup-thread-allocator-block-size=16777216"
    "memorysetup-gfx-main-allocator-block-size=16777216"
    "memorysetup-gfx-thread-allocator-block-size=16777216"
    "memorysetup-cache-allocator-block-size=4194304"
    "memorysetup-typetree-allocator-block-size=2097152"
    "memorysetup-profiler-bucket-allocator-granularity=16"
    "memorysetup-profiler-bucket-allocator-bucket-count=8"
    "memorysetup-profiler-bucket-allocator-block-size=33554432"
    "memorysetup-profiler-bucket-allocator-block-count=8"
    "memorysetup-profiler-allocator-block-size=16777216"
    "memorysetup-profiler-editor-allocator-block-size=1048576"
    "memorysetup-temp-allocator-size-main=16777216"
    "memorysetup-job-temp-allocator-block-size=2097152"
    "memorysetup-job-temp-allocator-block-size-background=1048576"
    "memorysetup-job-temp-allocator-reduction-small-platforms=262144"
    "memorysetup-temp-allocator-size-background-worker=32768"
    "memorysetup-temp-allocator-size-job-worker=262144"
    "memorysetup-temp-allocator-size-preload-manager=33554432"
    "memorysetup-temp-allocator-size-nav-mesh-worker=65536"
    "memorysetup-temp-allocator-size-audio-worker=65536"
    "memorysetup-temp-allocator-size-cloud-worker=32768"
    "memorysetup-temp-allocator-size-gi-baking-worker=262144"
    "memorysetup-temp-allocator-size-gfx=262144"
Player connection [14400] Host "[IP] 192.168.1.77 [Port] 0 [Flags] 2 [Guid] 1614922045 [EditorId] 1614922045 [Version] 1048832 [Id] WindowsEditor(7,Alienware-Aurora-R7) [Debug] 1 [PackageName] WindowsEditor [ProjectName] Editor" joined multi-casting on [225.0.0.222:54997]...

Player connection [14400] Host "[IP] 192.168.1.77 [Port] 0 [Flags] 2 [Guid] 1614922045 [EditorId] 1614922045 [Version] 1048832 [Id] WindowsEditor(7,Alienware-Aurora-R7) [Debug] 1 [PackageName] WindowsEditor [ProjectName] Editor" joined alternative multi-casting on [225.0.0.222:34997]...

Refreshing native plugins compatible for Editor in 72.32 ms, found 3 plugins.
Preloading 0 native plugins for Editor in 0.00 ms.
Initialize engine version: 2021.3.24f1 (cf10dcf7010d)
[Subsystems] Discovering subsystems at path C:/Program Files/Unity/Hub/Editor/2021.3.24f1/Editor/Data/Resources/UnitySubsystems
[Subsystems] Discovering subsystems at path E:/GitHub/Conquest-Of-The-West/Conquest of the west/Assets
GfxDevice: creating device client; threaded=0; jobified=0
Direct3D:
    Version:  Direct3D 11.0 [level 11.1]
    Renderer: NVIDIA GeForce RTX 3060 (ID=0x2504)
    Vendor:   NVIDIA
    VRAM:     12129 MB
    Driver:   31.0.15.3168
Initialize mono
Mono path[0] = 'C:/Program Files/Unity/Hub/Editor/2021.3.24f1/Editor/Data/Managed'
Mono path[1] = 'C:/Program Files/Unity/Hub/Editor/2021.3.24f1/Editor/Data/MonoBleedingEdge/lib/mono/unityjit-win32'
Mono config path = 'C:/Program Files/Unity/Hub/Editor/2021.3.24f1/Editor/Data/MonoBleedingEdge/etc'
Using monoOptions --debugger-agent=transport=dt_socket,embedding=1,server=y,suspend=n,address=127.0.0.1:56284
Begin MonoManager ReloadAssembly
Registering precompiled unity dll's ...
Register platform support module: C:/Program Files/Unity/Hub/Editor/2021.3.24f1/Editor/Data/PlaybackEngines/WebGLSupport/UnityEditor.WebGL.Extensions.dll
Register platform support module: C:/Program Files/Unity/Hub/Editor/2021.3.24f1/Editor/Data/PlaybackEngines/WindowsStandaloneSupport/UnityEditor.WindowsStandalone.Extensions.dll
Registered in 0.010681 seconds.
Native extension for WindowsStandalone target not found
Native extension for WebGL target not found
Refreshing native plugins compatible for Editor in 80.23 ms, found 3 plugins.
Preloading 0 native plugins for Editor in 0.00 ms.
Mono: successfully reloaded assembly
- Completed reload, in  0.640 seconds
Domain Reload Profiling:
	ReloadAssembly (641ms)
		BeginReloadAssembly (85ms)
			ExecutionOrderSort (0ms)
			DisableScriptedObjects (0ms)
			BackupInstance (0ms)
			ReleaseScriptingObjects (0ms)
			CreateAndSetChildDomain (1ms)
		EndReloadAssembly (446ms)
			LoadAssemblies (82ms)
			RebuildTransferFunctionScriptingTraits (0ms)
			SetupTypeCache (107ms)
			ReleaseScriptCaches (0ms)
			RebuildScriptCaches (27ms)
			SetupLoadedEditorAssemblies (265ms)
				LogAssemblyErrors (0ms)
				InitializePlatformSupportModulesInManaged (10ms)
				SetLoadedEditorAssemblies (0ms)
				RefreshPlugins (80ms)
				BeforeProcessingInitializeOnLoad (1ms)
				ProcessInitializeOnLoadAttributes (129ms)
				ProcessInitializeOnLoadMethodAttributes (44ms)
				AfterProcessingInitializeOnLoad (0ms)
				EditorAssembliesLoaded (0ms)
			ExecutionOrderSort2 (0ms)
			AwakeInstancesAfterBackupRestoration (0ms)
Platform modules already initialized, skipping
Registering precompiled user dll's ...
Registered in 0.004041 seconds.
Begin MonoManager ReloadAssembly
Symbol file LoadedFromMemory doesn't match image E:\GitHub\Conquest-Of-The-West\Conquest of the west\Library\PackageCache\com.unity.visualscripting@1.8.0\Editor\VisualScripting.Core\Dependencies\YamlDotNet\Unity.VisualScripting.YamlDotNet.dll
Symbol file LoadedFromMemory doesn't match image E:\GitHub\Conquest-Of-The-West\Conquest of the west\Library\PackageCache\com.unity.visualscripting@1.8.0\Editor\VisualScripting.Core\Dependencies\DotNetZip\Unity.VisualScripting.IonicZip.dll
Native extension for WindowsStandalone target not found
Native extension for WebGL target not found
Refreshing native plugins compatible for Editor in 0.57 ms, found 3 plugins.
Preloading 0 native plugins for Editor in 0.00 ms.
Mono: successfully reloaded assembly
- Completed reload, in  1.008 seconds
Domain Reload Profiling:
	ReloadAssembly (1009ms)
		BeginReloadAssembly (122ms)
			ExecutionOrderSort (0ms)
			DisableScriptedObjects (5ms)
			BackupInstance (0ms)
			ReleaseScriptingObjects (0ms)
			CreateAndSetChildDomain (23ms)
		EndReloadAssembly (786ms)
			LoadAssemblies (86ms)
			RebuildTransferFunctionScriptingTraits (0ms)
			SetupTypeCache (258ms)
			ReleaseScriptCaches (1ms)
			RebuildScriptCaches (46ms)
			SetupLoadedEditorAssemblies (370ms)
				LogAssemblyErrors (0ms)
				InitializePlatformSupportModulesInManaged (10ms)
				SetLoadedEditorAssemblies (1ms)
				RefreshPlugins (1ms)
				BeforeProcessingInitializeOnLoad (88ms)
				ProcessInitializeOnLoadAttributes (237ms)
				ProcessInitializeOnLoadMethodAttributes (19ms)
				AfterProcessingInitializeOnLoad (14ms)
				EditorAssembliesLoaded (0ms)
			ExecutionOrderSort2 (0ms)
			AwakeInstancesAfterBackupRestoration (7ms)
Platform modules already initialized, skipping
========================================================================
Worker process is ready to serve import requests
Launched and connected shader compiler UnityShaderCompiler.exe after 0.07 seconds
Refreshing native plugins compatible for Editor in 0.50 ms, found 3 plugins.
Preloading 0 native plugins for Editor in 0.00 ms.
Unloading 3080 Unused Serialized files (Serialized files now loaded: 0)
Unloading 24 unused Assets / (114.2 KB). Loaded Objects now: 3568.
Memory consumption went from 128.2 MB to 128.1 MB.
Total: 2.824100 ms (FindLiveObjects: 0.236200 ms CreateObjectMapping: 0.154700 ms MarkObjects: 2.335400 ms  DeleteObjects: 0.097200 ms)

AssetImportParameters requested are different than current active one (requested -> active):
  custom:video-decoder-ogg-theora: a1e56fd34408186e4bbccfd4996cb3dc -> 
  custom:container-muxer-webm: aa71ff27fc2769a1b78a27578f13a17b -> 
  custom:container-demuxer-webm: 4f35f7cbe854078d1ac9338744f61a02 -> 
  custom:video-encoder-webm-vp8: eb34c28f22e8b96e1ab97ce403110664 -> 
  custom:audio-encoder-webm-vorbis: bf7c407c2cedff20999df2af8eb42d56 -> 
  custom:framework-win-MediaFoundation: 216162199b28c13a410421893ffa2e32 -> 
  custom:container-demuxer-ogg: 62fdf1f143b41e24485cea50d1cbac27 -> 
  custom:video-decoder-webm-vp8: 9c59270c3fd7afecdb556c50c9e8de78 -> 
  custom:audio-decoder-ogg-vorbis: bf7c407c2cedff20999df2af8eb42d56 -> 
========================================================================
Received Import Request.
  Time since last request: 282574.568516 seconds.
  path: Assets/New Terrain 2.asset
  artifactKey: Guid(54ff1ff8bc87f5140bec5acd29766f43) Importer(815301076,1909f56bfc062723c751e8b465ee728b)
Start importing Assets/New Terrain 2.asset using Guid(54ff1ff8bc87f5140bec5acd29766f43) Importer(815301076,1909f56bfc062723c751e8b465ee728b)  -> (artifact id: '4d0ce740455fc2eadbf08e9d6fb57150') in 0.052359 seconds 
========================================================================
Received Import Request.
  Time since last request: 3.937947 seconds.
  path: Assets/russian_buildings/prefabs/buildings/rus_build_2et_01a.prefab
  artifactKey: Guid(e660989e3cd39b0439ca14e2c7369938) Importer(815301076,1909f56bfc062723c751e8b465ee728b)
Start importing Assets/russian_buildings/prefabs/buildings/rus_build_2et_01a.prefab using Guid(e660989e3cd39b0439ca14e2c7369938) Importer(815301076,1909f56bfc062723c751e8b465ee728b)  -> (artifact id: '7d7f58c12a1ac87111b5dbbe4c113621') in 0.342255 seconds 
========================================================================
Received Import Request.
  Time since last request: 0.000027 seconds.
  path: Assets/russian_buildings/prefabs/buildings/rus_build_5et_01.prefab
  artifactKey: Guid(d671b2b3dae0c254ea0925e69cfa667b) Importer(815301076,1909f56bfc062723c751e8b465ee728b)
Start importing Assets/russian_buildings/prefabs/buildings/rus_build_5et_01.prefab using Guid(d671b2b3dae0c254ea0925e69cfa667b) Importer(815301076,1909f56bfc062723c751e8b465ee728b)  -> (artifact id: '9e223334129957330528ac83428c802c') in 0.023595 seconds 
========================================================================
Received Import Request.
  Time since last request: 0.000206 seconds.
  path: Assets/russian_buildings/prefabs/buildings/rus_build_9et_02.prefab
  artifactKey: Guid(c44a70c086ff8184e8229c420d455f5b) Importer(815301076,1909f56bfc062723c751e8b465ee728b)
Start importing Assets/russian_buildings/prefabs/buildings/rus_build_9et_02.prefab using Guid(c44a70c086ff8184e8229c420d455f5b) Importer(815301076,1909f56bfc062723c751e8b465ee728b)  -> (artifact id: '1757e01bd623c087a6ca58cc3324f94a') in 0.018738 seconds 
========================================================================
Received Import Request.
  Time since last request: 0.000022 seconds.
  path: Assets/russian_buildings/prefabs/buildings/rus_build_2et_01b.prefab
  artifactKey: Guid(a121d32ef0a226a459036bdbc16455ea) Importer(815301076,1909f56bfc062723c751e8b465ee728b)
Start importing Assets/russian_buildings/prefabs/buildings/rus_build_2et_01b.prefab using Guid(a121d32ef0a226a459036bdbc16455ea) Importer(815301076,1909f56bfc062723c751e8b465ee728b)  -> (artifact id: '31d61210941d92ea0f835c56892f39a4') in 0.022460 seconds 
========================================================================
Received Import Request.
  Time since last request: 0.000021 seconds.
  path: Assets/russian_buildings/prefabs/buildings/rus_build_5et_03f.prefab
  artifactKey: Guid(fd4517956020aa54989cd9a8a7e55b1b) Importer(815301076,1909f56bfc062723c751e8b465ee728b)
Start importing Assets/russian_buildings/prefabs/buildings/rus_build_5et_03f.prefab using Guid(fd4517956020aa54989cd9a8a7e55b1b) Importer(815301076,1909f56bfc062723c751e8b465ee728b)  -> (artifact id: '187cd56fa1c597a098a4862f557ebfeb') in 0.014400 seconds 
========================================================================
Received Import Request.
  Time since last request: 0.000015 seconds.
  path: Assets/russian_buildings/prefabs/buildings/rus_build_5et_04.prefab
  artifactKey: Guid(408af9f2b6062b4449d4b84d945fdd57) Importer(815301076,1909f56bfc062723c751e8b465ee728b)
Start importing Assets/russian_buildings/prefabs/buildings/rus_build_5et_04.prefab using Guid(408af9f2b6062b4449d4b84d945fdd57) Importer(815301076,1909f56bfc062723c751e8b465ee728b)  -> (artifact id: 'cb3d2e2e636661f00cc0776718df4f72') in 0.015098 seconds 
========================================================================
Received Import Request.
  Time since last request: 0.000021 seconds.
  path: Assets/russian_buildings/prefabs/buildings/rus_build_9et_01.prefab
  artifactKey: Guid(167ccd36f78cceb46a4d150b76b96fab) Importer(815301076,1909f56bfc062723c751e8b465ee728b)
Start importing Assets/russian_buildings/prefabs/buildings/rus_build_9et_01.prefab using Guid(167ccd36f78cceb46a4d150b76b96fab) Importer(815301076,1909f56bfc062723c751e8b465ee728b)  -> (artifact id: '078c9e2b7f95b60f965524bef68cf51a') in 0.015051 seconds 
========================================================================
Received Import Request.
  Time since last request: 0.000029 seconds.
  path: Assets/russian_buildings/prefabs/buildings/rus_build_5et_02.prefab
  artifactKey: Guid(5f233c5bb4cb5ba41b2d790aede3bcee) Importer(815301076,1909f56bfc062723c751e8b465ee728b)
Start importing Assets/russian_buildings/prefabs/buildings/rus_build_5et_02.prefab using Guid(5f233c5bb4cb5ba41b2d790aede3bcee) Importer(815301076,1909f56bfc062723c751e8b465ee728b)  -> (artifact id: 'c67656dc109704b55f782c44994a648c') in 0.023930 seconds 
========================================================================
Received Import Request.
  Time since last request: 0.000028 seconds.
  path: Assets/russian_buildings/prefabs/buildings/rus_build_9et_01a.prefab
  artifactKey: Guid(6f1e34f627ea823418d94ad9986dd468) Importer(815301076,1909f56bfc062723c751e8b465ee728b)
Start importing Assets/russian_buildings/prefabs/buildings/rus_build_9et_01a.prefab using Guid(6f1e34f627ea823418d94ad9986dd468) Importer(815301076,1909f56bfc062723c751e8b465ee728b)  -> (artifact id: '801241ceaf4eead69d4c8465be56be77') in 0.023177 seconds 
========================================================================
Received Import Request.
  Time since last request: 0.000033 seconds.
  path: Assets/russian_buildings/prefabs/buildings/rus_build_5et_03c.prefab
  artifactKey: Guid(af379eb3bb200574a80c24d641fcf853) Importer(815301076,1909f56bfc062723c751e8b465ee728b)
Start importing Assets/russian_buildings/prefabs/buildings/rus_build_5et_03c.prefab using Guid(af379eb3bb200574a80c24d641fcf853) Importer(815301076,1909f56bfc062723c751e8b465ee728b)  -> (artifact id: '986f5a1024216117e6c0b08b12c11e81') in 0.016165 seconds 
========================================================================
Received Import Request.
  Time since last request: 0.000058 seconds.
  path: Assets/russian_buildings/prefabs/buildings/rus_build_4et_01a.prefab
  artifactKey: Guid(486897b2b94b3664da99ce6f48ac62cb) Importer(815301076,1909f56bfc062723c751e8b465ee728b)
Start importing Assets/russian_buildings/prefabs/buildings/rus_build_4et_01a.prefab using Guid(486897b2b94b3664da99ce6f48ac62cb) Importer(815301076,1909f56bfc062723c751e8b465ee728b)  -> (artifact id: '98821761cd05b871ea9e87c856e20cea') in 0.029159 seconds 
========================================================================
Received Import Request.
  Time since last request: 0.000021 seconds.
  path: Assets/russian_buildings/prefabs/buildings/rus_build_4et_01.prefab
  artifactKey: Guid(74f04d972a0675c45ac56c3a8e0f30c4) Importer(815301076,1909f56bfc062723c751e8b465ee728b)
Start importing Assets/russian_buildings/prefabs/buildings/rus_build_4et_01.prefab using Guid(74f04d972a0675c45ac56c3a8e0f30c4) Importer(815301076,1909f56bfc062723c751e8b465ee728b)  -> (artifact id: 'f7c73022e265bba6dd881daeed958ba9') in 0.016476 seconds 
Editor requested this worker to shutdown with reason: Scaling down because of idle timeout
AssetImportWorker is now disconnected from the server
Process exiting
Exiting without the bug reporter. Application will terminate with return code 0